<?xml version="1.0" encoding="UTF-8"?>
<testng-results ignored="0" total="1" passed="1" failed="0" skipped="0">
  <reporter-output>
  </reporter-output>
  <suite started-at="2025-05-26T21:28:44 IST" name="Suite" finished-at="2025-05-26T21:29:54 IST" duration-ms="70714">
    <groups>
    </groups>
    <test started-at="2025-05-26T21:28:44 IST" name="Test" finished-at="2025-05-26T21:29:54 IST" duration-ms="70714">
      <class name="testCases.TC001_RegistrationTest">
        <test-method is-config="true" signature="setUp(java.lang.String,java.lang.String)[pri:0, instance:testCases.TC001_RegistrationTest@22356acd]" started-at="2025-05-26T21:28:44 IST" name="setUp" finished-at="2025-05-26T21:29:26 IST" duration-ms="42514" status="PASS">
          <params>
            <param index="0">
              <value>
                <![CDATA[windows]]>
              </value>
            </param>
            <param index="1">
              <value>
                <![CDATA[chrome]]>
              </value>
            </param>
          </params>
          <reporter-output>
          </reporter-output>
        </test-method> <!-- setUp -->
        <test-method signature="verify_registration()[pri:0, instance:testCases.TC001_RegistrationTest@22356acd]" started-at="2025-05-26T21:29:26 IST" name="verify_registration" finished-at="2025-05-26T21:29:54 IST" duration-ms="27271" status="PASS">
          <reporter-output>
          </reporter-output>
        </test-method> <!-- verify_registration -->
        <test-method is-config="true" signature="tearDown()[pri:0, instance:testCases.TC001_RegistrationTest@22356acd]" started-at="2025-05-26T21:29:54 IST" name="tearDown" finished-at="2025-05-26T21:29:54 IST" duration-ms="841" status="PASS">
          <reporter-output>
          </reporter-output>
        </test-method> <!-- tearDown -->
      </class> <!-- testCases.TC001_RegistrationTest -->
    </test> <!-- Test -->
  </suite> <!-- Suite -->
</testng-results>
